<?xml version="1.0" encoding="UTF-8"?>
<testsuite xmlns:xsi="http://www.w3.org/2001/XMLSchema-instance" xsi:noNamespaceSchemaLocation="https://maven.apache.org/surefire/maven-surefire-plugin/xsd/surefire-test-report-3.0.xsd" version="3.0" name="com.electricity.BillingCalculatorTest" time="0.406" tests="11" errors="0" skipped="0" failures="0">
  <properties>
[...]
</properties>
  <testcase name="testGetBillBreakdown" classname="com.electricity.BillingCalculatorTest" time="0.079"/>
  <testcase name="testSlabBoundaries" classname="com.electricity.BillingCalculatorTest" time="0.005"/>
  <testcase name="testBillCalculation(double, double)[1]" classname="com.electricity.BillingCalculatorTest" time="0.066"/>
  <testcase name="testBillCalculation(double, double)[2]" classname="com.electricity.BillingCalculatorTest" time="0.003"/>
  <testcase name="testBillCalculation(double, double)[3]" classname="com.electricity.BillingCalculatorTest" time="0.002"/>
  <testcase name="testBillCalculation(double, double)[4]" classname="com.electricity.BillingCalculatorTest" time="0.004"/>
  <testcase name="testBillCalculation(double, double)[5]" classname="com.electricity.BillingCalculatorTest" time="0.002"/>
  <testcase name="testBillCalculation(double, double)[6]" classname="com.electricity.BillingCalculatorTest" time="0.002"/>
  <testcase name="testBillCalculation(double, double)[7]" classname="com.electricity.BillingCalculatorTest" time="0.003"/>
  <testcase name="testZeroUnits" classname="com.electricity.BillingCalculatorTest" time="0.002"/>
  <testcase name="testNegativeUnits" classname="com.electricity.BillingCalculatorTest" time="0.011"/>
</testsuite>